<?xml version="1.0" encoding="UTF-8"?>
<!-- Generated by org.testng.reporters.JUnitReportReporter -->
<testsuite name="CalculatorTest" tests="12" time="0.028" ignored="1" failures="0" timestamp="27 Feb 2017 19:22:03 GMT" skipped="0" hostname="DESKTOP-DCKG41Q" errors="0">
  <testcase name="IsPrime" time="0.001" classname="CalculatorTest"/>
  <testcase name="IsPrime" time="0.002" classname="CalculatorTest"/>
  <testcase name="Add" time="0.001" classname="CalculatorTest"/>
  <testcase name="Divide" time="0.003" classname="CalculatorTest"/>
  <testcase name="IsPrime" time="0.001" classname="CalculatorTest"/>
  <testcase name="Add" time="0.003" classname="CalculatorTest"/>
  <testcase name="Multiplication" time="0.001" classname="CalculatorTest"/>
  <testcase name="IsPrime" time="0.001" classname="CalculatorTest"/>
  <testcase name="Add" time="0.011" classname="CalculatorTest"/>
  <testcase name="Subtract" time="0.001" classname="CalculatorTest"/>
  <testcase name="IsPrime" time="0.002" classname="CalculatorTest"/>
  <testcase name="Add" time="0.001" classname="CalculatorTest"/>
  <testcase name="Calculator" classname="CalculatorTest">
    <skipped/>
  </testcase> <!-- Calculator -->
</testsuite> <!-- CalculatorTest -->
